<?xml version="1.0" encoding="UTF-8"?>
<testng-results total="2" passed="2" failed="0" skipped="0">
  <reporter-output>
  </reporter-output>
  <suite started-at="2019-02-27T06:10:00Z" name="Default suite" finished-at="2019-02-27T06:10:44Z" duration-ms="43954">
    <groups>
    </groups>
    <test started-at="2019-02-27T06:10:00Z" name="Default test" finished-at="2019-02-27T06:10:44Z" duration-ms="43954">
      <class name="TestCases.TestCase4">
        <test-method is-config="true" signature="NavigateToBabyAndKids()[pri:0, instance:TestCases.TestCase4@ed7f8b4]" started-at="2019-02-27T11:40:00Z" name="NavigateToBabyAndKids" finished-at="2019-02-27T11:40:20Z" duration-ms="20494" status="PASS">
          <reporter-output>
          </reporter-output>
        </test-method> <!-- NavigateToBabyAndKids -->
        <test-method signature="NaviagteOnBabyAndLKids()[pri:0, instance:TestCases.TestCase4@ed7f8b4]" started-at="2019-02-27T11:40:20Z" name="NaviagteOnBabyAndLKids" finished-at="2019-02-27T11:40:44Z" duration-ms="23412" status="PASS">
          <reporter-output>
          </reporter-output>
        </test-method> <!-- NaviagteOnBabyAndLKids -->
        <test-method signature="radioButton1()[pri:0, instance:TestCases.TestCase4@ed7f8b4]" started-at="2019-02-27T11:40:44Z" name="radioButton1" finished-at="2019-02-27T11:40:44Z" duration-ms="31" status="PASS">
          <reporter-output>
          </reporter-output>
        </test-method> <!-- radioButton1 -->
      </class> <!-- TestCases.TestCase4 -->
    </test> <!-- Default test -->
  </suite> <!-- Default suite -->
</testng-results>
